2024-05-31 13:10:58,786 - INFO - START infrastructure_setup =============================================
2024-05-31 13:10:58,787 - INFO - START infrastructure_setup Start Time = 2024-05-31 13:10:58
2024-05-31 13:10:58,787 - INFO - infrastructure_setup Step 0 - Initialize the configuration file parser
2024-05-31 13:10:58,798 - INFO - infrastructure_setup - Step 1 establish infrastructure directory to organize all files
2024-05-31 13:10:58,798 - INFO - infrastructure_setup - Creating if non-existent : c://infrastructure/html
2024-05-31 13:10:58,798 - INFO - infrastructure_setup - Creating if non-existent : c://infrastructure/excel
2024-05-31 13:10:58,799 - INFO - infrastructure_setup - Creating if non-existent : c://infrastructure/jupyter_notebook
2024-05-31 13:10:58,799 - INFO - infrastructure_setup - Creating if non-existent : c://infrastructure/documentation
2024-05-31 13:10:58,799 - INFO - infrastructure_setup - Creating if non-existent : c://infrastructure/database
2024-05-31 13:10:58,800 - INFO - infrastructure_setup - Creating if non-existent : c://infrastructure/powerbi
2024-05-31 13:10:58,800 - INFO - infrastructure_setup - Creating if non-existent : c://infrastructure/tableau
2024-05-31 13:10:58,800 - INFO - infrastructure_setup - Creating if non-existent : c://infrastructure/images
2024-05-31 13:10:58,800 - INFO - infrastructure_setup - Creating if non-existent : c://infrastructure/csv
2024-05-31 13:10:58,800 - INFO - infrastructure_setup - Creating if non-existent : c://infrastructure/parquet
2024-05-31 13:10:58,800 - INFO - infrastructure_setup - Creating if non-existent : c://infrastructure/feather
2024-05-31 13:10:58,800 - INFO - infrastructure_setup - Creating if non-existent : c://infrastructure/pickle
2024-05-31 13:10:58,800 - INFO - infrastructure_setup - Creating if non-existent : c://infrastructure/text
2024-05-31 13:10:58,801 - INFO - infrastructure_setup - Creating if non-existent : c://infrastructure/presentation
2024-05-31 13:10:58,801 - INFO - infrastructure_setup - Creating if non-existent : c://infrastructure/jaepy
2024-05-31 13:10:58,801 - INFO - infrastructure_setup - Creating if non-existent : c://infrastructure/py
2024-05-31 13:10:58,801 - INFO - infrastructure_setup - Creating if non-existent : c://infrastructure/log
2024-05-31 13:10:58,816 - INFO - infrastructure_setup - Step 3 Organize (copy all file types) into appropriate infrastructure directories
2024-05-31 13:10:58,906 - INFO - infrastructure_setup - Step 2 Rename the py files to make easier to email
2024-05-31 13:10:59,246 - INFO - PERFORMANCE infrastructure_setup The total process duration was:0.46
2024-05-31 13:10:59,246 - INFO - PERFORMANCE infrastructure_setup Stop Time = 2024-05-31 13:10:59
2024-05-31 13:10:59,246 - INFO - PERFORMANCE infrastructure_setup Short process duration less than 3 Seconds:0.46
2024-05-31 13:10:59,246 - INFO - PERFORMANCE infrastructure_setup Performance optimization is not reccomended
2024-05-31 13:10:59,246 - INFO - END infrastructure_setup =============================================
